hi subnodes []
DISTRIBUTION
ho
T
	[T , 24[24]]
global
	jk
		[jk , 15[15]]
DISTRIBUTION
	pi
		[pi , 1[1]]
None
hi subnodes []
DEMAND
ho
T
	[T , 24[24]]
global
	jk
		[jk , 15[15]]
DISTRIBUTION
	pi
		[pi , 1[1]]
DEMAND
	demand
		[demand , 6.9 6.4 6.1 5.9 5.7 5.4 4.8 4.5 4.6 4.6 4.7 4.9 5.1 5.3 5.4 5.4 5.4 5.8 8.4 10.6 11.0 10.5 9.2 7.8 [6.9, 6.4, 6.1, 5.9, 5.7, 5.4, 4.8, 4.5, 4.6, 4.6, 4.7, 4.9, 5.1, 5.3, 5.4, 5.4, 5.4, 5.8, 8.4, 10.6, 11.0, 10.5, 9.2, 7.8]]
None
hi subnodes []
BATTERY
ho
T
	[T , 24[24]]
global
	jk
		[jk , 15[15]]
DISTRIBUTION
	pi
		[pi , 1[1]]
DEMAND
	demand
		[demand , 6.9 6.4 6.1 5.9 5.7 5.4 4.8 4.5 4.6 4.6 4.7 4.9 5.1 5.3 5.4 5.4 5.4 5.8 8.4 10.6 11.0 10.5 9.2 7.8 [6.9, 6.4, 6.1, 5.9, 5.7, 5.4, 4.8, 4.5, 4.6, 4.6, 4.7, 4.9, 5.1, 5.3, 5.4, 5.4, 5.4, 5.8, 8.4, 10.6, 11.0, 10.5, 9.2, 7.8]]
BATTERY
	eta
		[eta , 0.75[0.75]]
	pi
		[pi , 1[1]]
	max_capacity
		[max_capacity , 1000[1000]]
None
hi subnodes [<compiler.classes.node.Node object at 0x000001EE6772BBB0>]
SOLAR_PV
hi subnodes [<compiler.classes.node.Node object at 0x000001EE6772B9D0>]
bae
hi subnodes []
bo
ho
T
	[T , 24[24]]
global
	jk
		[jk , 15[15]]
DISTRIBUTION
	pi
		[pi , 1[1]]
DEMAND
	demand
		[demand , 6.9 6.4 6.1 5.9 5.7 5.4 4.8 4.5 4.6 4.6 4.7 4.9 5.1 5.3 5.4 5.4 5.4 5.8 8.4 10.6 11.0 10.5 9.2 7.8 [6.9, 6.4, 6.1, 5.9, 5.7, 5.4, 4.8, 4.5, 4.6, 4.6, 4.7, 4.9, 5.1, 5.3, 5.4, 5.4, 5.4, 5.8, 8.4, 10.6, 11.0, 10.5, 9.2, 7.8]]
BATTERY
	eta
		[eta , 0.75[0.75]]
	pi
		[pi , 1[1]]
	max_capacity
		[max_capacity , 1000[1000]]
SOLAR_PV
	pi
		[pi , 2[2]]
	irradiance_time_series
		[irradiance_time_series , 0.0 0.0 0.0 0.0 0.0 0.0 0.0 0.0 0.0 0.04 0.08 0.12 0.14 0.15 0.14 0.12 0.08 0.04 0.0 0.0 0.0 0.0 0.0 0.0 [0.0, 0.0, 0.0, 0.0, 0.0, 0.0, 0.0, 0.0, 0.0, 0.04, 0.08, 0.12, 0.14, 0.15, 0.14, 0.12, 0.08, 0.04, 0.0, 0.0, 0.0, 0.0, 0.0, 0.0]]
	max_capacity
		[max_capacity , 1000[1000]]
	bae
		b
			[b , [*[10 [SOLAR_PV,pi] ]][20]]
		bo
			c
				[c , [*[[*[8 [SOLAR_PV,pi] ]] [global,jk] ]][240]]
None
ho
T
	[T , 24[24]]
global
	jk
		[jk , 15[15]]
DISTRIBUTION
	pi
		[pi , 1[1]]
DEMAND
	demand
		[demand , 6.9 6.4 6.1 5.9 5.7 5.4 4.8 4.5 4.6 4.6 4.7 4.9 5.1 5.3 5.4 5.4 5.4 5.8 8.4 10.6 11.0 10.5 9.2 7.8 [6.9, 6.4, 6.1, 5.9, 5.7, 5.4, 4.8, 4.5, 4.6, 4.6, 4.7, 4.9, 5.1, 5.3, 5.4, 5.4, 5.4, 5.8, 8.4, 10.6, 11.0, 10.5, 9.2, 7.8]]
BATTERY
	eta
		[eta , 0.75[0.75]]
	pi
		[pi , 1[1]]
	max_capacity
		[max_capacity , 1000[1000]]
SOLAR_PV
	pi
		[pi , 2[2]]
	irradiance_time_series
		[irradiance_time_series , 0.0 0.0 0.0 0.0 0.0 0.0 0.0 0.0 0.0 0.04 0.08 0.12 0.14 0.15 0.14 0.12 0.08 0.04 0.0 0.0 0.0 0.0 0.0 0.0 [0.0, 0.0, 0.0, 0.0, 0.0, 0.0, 0.0, 0.0, 0.0, 0.04, 0.08, 0.12, 0.14, 0.15, 0.14, 0.12, 0.08, 0.04, 0.0, 0.0, 0.0, 0.0, 0.0, 0.0]]
	max_capacity
		[max_capacity , 1000[1000]]
	bae
		b
			[b , [*[10 [SOLAR_PV,pi] ]][20]]
		bo
			c
				[c , [*[[*[8 [SOLAR_PV,pi] ]] [global,jk] ]][240]]
None
ho
T
	[T , 24[24]]
global
	jk
		[jk , 15[15]]
DISTRIBUTION
	pi
		[pi , 1[1]]
DEMAND
	demand
		[demand , 6.9 6.4 6.1 5.9 5.7 5.4 4.8 4.5 4.6 4.6 4.7 4.9 5.1 5.3 5.4 5.4 5.4 5.8 8.4 10.6 11.0 10.5 9.2 7.8 [6.9, 6.4, 6.1, 5.9, 5.7, 5.4, 4.8, 4.5, 4.6, 4.6, 4.7, 4.9, 5.1, 5.3, 5.4, 5.4, 5.4, 5.8, 8.4, 10.6, 11.0, 10.5, 9.2, 7.8]]
BATTERY
	eta
		[eta , 0.75[0.75]]
	pi
		[pi , 1[1]]
	max_capacity
		[max_capacity , 1000[1000]]
SOLAR_PV
	pi
		[pi , 2[2]]
	irradiance_time_series
		[irradiance_time_series , 0.0 0.0 0.0 0.0 0.0 0.0 0.0 0.0 0.0 0.04 0.08 0.12 0.14 0.15 0.14 0.12 0.08 0.04 0.0 0.0 0.0 0.0 0.0 0.0 [0.0, 0.0, 0.0, 0.0, 0.0, 0.0, 0.0, 0.0, 0.0, 0.04, 0.08, 0.12, 0.14, 0.15, 0.14, 0.12, 0.08, 0.04, 0.0, 0.0, 0.0, 0.0, 0.0, 0.0]]
	max_capacity
		[max_capacity , 1000[1000]]
	bae
		b
			[b , [*[10 [SOLAR_PV,pi] ]][20]]
		bo
			c
				[c , [*[[*[8 [SOLAR_PV,pi] ]] [global,jk] ]][240]]
None
ho
T
	[T , 24[24]]
global
	jk
		[jk , 15[15]]
DISTRIBUTION
	pi
		[pi , 1[1]]
DEMAND
	demand
		[demand , 6.9 6.4 6.1 5.9 5.7 5.4 4.8 4.5 4.6 4.6 4.7 4.9 5.1 5.3 5.4 5.4 5.4 5.8 8.4 10.6 11.0 10.5 9.2 7.8 [6.9, 6.4, 6.1, 5.9, 5.7, 5.4, 4.8, 4.5, 4.6, 4.6, 4.7, 4.9, 5.1, 5.3, 5.4, 5.4, 5.4, 5.8, 8.4, 10.6, 11.0, 10.5, 9.2, 7.8]]
BATTERY
	eta
		[eta , 0.75[0.75]]
	pi
		[pi , 1[1]]
	max_capacity
		[max_capacity , 1000[1000]]
SOLAR_PV
	pi
		[pi , 2[2]]
	irradiance_time_series
		[irradiance_time_series , 0.0 0.0 0.0 0.0 0.0 0.0 0.0 0.0 0.0 0.04 0.08 0.12 0.14 0.15 0.14 0.12 0.08 0.04 0.0 0.0 0.0 0.0 0.0 0.0 [0.0, 0.0, 0.0, 0.0, 0.0, 0.0, 0.0, 0.0, 0.0, 0.04, 0.08, 0.12, 0.14, 0.15, 0.14, 0.12, 0.08, 0.04, 0.0, 0.0, 0.0, 0.0, 0.0, 0.0]]
	max_capacity
		[max_capacity , 1000[1000]]
	bae
		b
			[b , [*[10 [SOLAR_PV,pi] ]][20]]
		bo
			c
				[c , [*[[*[8 [SOLAR_PV,pi] ]] [global,jk] ]][240]]
None
